<?xml version="1.0" encoding="utf-8"?><testsuites name="pytest tests"><testsuite name="pytest" errors="0" failures="0" skipped="0" tests="22" time="32.106" timestamp="2026-06-22T01:06:23.009428+00:00" hostname="agent-env-85644652-9048-41c7-a8a2-7d1f269ed2e5"><testcase classname="tests.test_code_guardian.TestHealth" name="test_root_health" time="0.281" /><testcase classname="tests.test_code_guardian.TestContent" name="test_list_topics" time="0.137" /><testcase classname="tests.test_code_guardian.TestContent" name="test_topic_detail_requires_auth" time="0.170" /><testcase classname="tests.test_code_guardian.TestContent" name="test_topic_detail_with_auth" time="0.146" /><testcase classname="tests.test_code_guardian.TestAuthGating" name="test_protected_without_token[/api/auth/me-get-None]" time="0.159" /><testcase classname="tests.test_code_guardian.TestAuthGating" name="test_protected_without_token[/api/usage/me-get-None]" time="0.097" /><testcase classname="tests.test_code_guardian.TestAuthGating" name="test_protected_without_token[/api/quiz/generate-post-payload2]" time="0.107" /><testcase classname="tests.test_code_guardian.TestAuthGating" name="test_protected_without_token[/api/ai/chat-post-payload3]" time="0.110" /><testcase classname="tests.test_code_guardian.TestAuthGating" name="test_protected_without_token[/api/billing/checkout-post-payload4]" time="0.100" /><testcase classname="tests.test_code_guardian.TestAuthMe" name="test_auth_me_returns_user" time="0.116" /><testcase classname="tests.test_code_guardian.TestAuthMe" name="test_usage_me_day_pass_caps" time="0.110" /><testcase classname="tests.test_code_guardian.TestAuthMe" name="test_usage_me_free_blocked" time="0.108" /><testcase classname="tests.test_code_guardian.TestQuotaEnforcement" name="test_free_tier_chat_blocked_with_upgrade_message" time="0.105" /><testcase classname="tests.test_code_guardian.TestQuotaEnforcement" name="test_day_pass_at_prompt_cap_blocks" time="0.116" /><testcase classname="tests.test_code_guardian.TestQuotaEnforcement" name="test_day_pass_at_token_cap_blocks" time="0.104" /><testcase classname="tests.test_code_guardian.TestQuotaEnforcement" name="test_monthly_at_token_cap_blocks" time="0.107" /><testcase classname="tests.test_code_guardian.TestQuotaEnforcement" name="test_day_pass_expired_downgrades_to_free" time="0.103" /><testcase classname="tests.test_code_guardian.TestQuizAndChat" name="test_quiz_generate_and_submit" time="20.486" /><testcase classname="tests.test_code_guardian.TestQuizAndChat" name="test_ai_chat_returns_reply_and_tokens" time="7.827" /><testcase classname="tests.test_code_guardian.TestBillingCheckout" name="test_day_pass_checkout_returns_stripe_url" time="0.893" /><testcase classname="tests.test_code_guardian.TestBillingCheckout" name="test_monthly_checkout_returns_stripe_url" time="0.555" /><testcase classname="tests.test_code_guardian.TestBillingCheckout" name="test_unknown_plan_rejected" time="0.103" /></testsuite></testsuites>