<?xml version="1.0" encoding="utf-8"?><testsuites name="pytest tests"><testsuite name="pytest" errors="0" failures="0" skipped="0" tests="20" time="13.144" timestamp="2026-06-22T01:25:26.403919+00:00" hostname="agent-env-85644652-9048-41c7-a8a2-7d1f269ed2e5"><testcase classname="tests.test_code_guardian.TestHealth" name="test_root_health" time="0.409" /><testcase classname="tests.test_code_guardian.TestContent" name="test_list_topics" time="0.140" /><testcase classname="tests.test_code_guardian.TestContent" name="test_topic_detail_requires_auth" time="0.130" /><testcase classname="tests.test_code_guardian.TestAuthGating" name="test_protected_without_token[/api/auth/me-get-None]" time="0.105" /><testcase classname="tests.test_code_guardian.TestAuthGating" name="test_protected_without_token[/api/usage/me-get-None]" time="0.131" /><testcase classname="tests.test_code_guardian.TestAuthGating" name="test_protected_without_token[/api/quiz/generate-post-payload2]" time="0.106" /><testcase classname="tests.test_code_guardian.TestAuthGating" name="test_protected_without_token[/api/ai/chat-post-payload3]" time="0.105" /><testcase classname="tests.test_code_guardian.TestAuthGating" name="test_protected_without_token[/api/billing/checkout-post-payload4]" time="0.138" /><testcase classname="tests.test_code_guardian.TestUsageMe" name="test_usage_me_day_pass_caps" time="0.106" /><testcase classname="tests.test_code_guardian.TestUsageMe" name="test_usage_me_free_unblocked_byok" time="0.114" /><testcase classname="tests.test_code_guardian.TestByokFreeTier" name="test_chat_free_no_byok_returns_402" time="0.104" /><testcase classname="tests.test_code_guardian.TestByokFreeTier" name="test_quiz_free_no_byok_returns_402" time="0.146" /><testcase classname="tests.test_code_guardian.TestByokFreeTier" name="test_chat_free_with_invalid_byok_does_not_touch_quota" time="0.178" /><testcase classname="tests.test_code_guardian.TestQuotaEnforcement" name="test_day_pass_at_prompt_cap_blocks" time="0.110" /><testcase classname="tests.test_code_guardian.TestQuotaEnforcement" name="test_day_pass_at_token_cap_blocks" time="0.143" /><testcase classname="tests.test_code_guardian.TestQuotaEnforcement" name="test_monthly_at_token_cap_blocks" time="0.106" /><testcase classname="tests.test_code_guardian.TestQuotaEnforcement" name="test_day_pass_expired_downgrades_to_free_unblocked" time="0.109" /><testcase classname="tests.test_code_guardian.TestPaidLLMFlows" name="test_day_pass_chat_increments_quota" time="9.884" /><testcase classname="tests.test_code_guardian.TestBillingCheckout" name="test_day_pass_checkout_returns_stripe_url" time="0.710" /><testcase classname="tests.test_code_guardian.TestBillingCheckout" name="test_unknown_plan_rejected" time="0.115" /></testsuite></testsuites>